#
# There is insufficient memory for the Java Runtime Environment to continue.
# Native memory allocation (malloc) failed to allocate 1448976 bytes. Error detail: Chunk::new
# Possible reasons:
#   The system is out of physical RAM or swap space
#   This process is running with CompressedOops enabled, and the Java Heap may be blocking the growth of the native heap
# Possible solutions:
#   Reduce memory load on the system
#   Increase physical memory or swap space
#   Check if swap backing store is full
#   Decrease Java heap size (-Xmx/-Xms)
#   Decrease number of Java threads
#   Decrease Java thread stack sizes (-Xss)
#   Set larger code cache with -XX:ReservedCodeCacheSize=
#   JVM is running with Unscaled Compressed Oops mode in which the Java heap is
#     placed in the first 4GB address space. The Java Heap base address is the
#     maximum limit for the native heap growth. Please use -XX:HeapBaseMinAddress
#     to set the Java Heap base and to place the Java Heap above 4GB virtual address.
# This output file may be truncated or incomplete.
#
#  Out of Memory Error (arena.cpp:168), pid=15896, tid=26340
#
# JRE version: OpenJDK Runtime Environment (21.0.5) (build 21.0.5+-13047016-b750.29)
# Java VM: OpenJDK 64-Bit Server VM (21.0.5+-13047016-b750.29, mixed mode, tiered, compressed oops, compressed class ptrs, g1 gc, windows-amd64)
# No core dump will be written. Minidumps are not enabled by default on client versions of Windows
#

---------------  S U M M A R Y ------------

Command Line: --add-opens=java.base/java.lang=ALL-UNNAMED --add-opens=java.base/java.lang.invoke=ALL-UNNAMED --add-opens=java.base/java.util=ALL-UNNAMED --add-opens=java.prefs/java.util.prefs=ALL-UNNAMED --add-exports=jdk.compiler/com.sun.tools.javac.api=ALL-UNNAMED --add-exports=jdk.compiler/com.sun.tools.javac.util=ALL-UNNAMED --add-opens=java.base/java.util=ALL-UNNAMED --add-opens=java.prefs/java.util.prefs=ALL-UNNAMED --add-opens=java.base/java.nio.charset=ALL-UNNAMED --add-opens=java.base/java.net=ALL-UNNAMED --add-opens=java.base/java.util.concurrent.atomic=ALL-UNNAMED --add-opens=java.xml/javax.xml.namespace=ALL-UNNAMED -Xmx1536M -Dfile.encoding=UTF-8 -Duser.country=MX -Duser.language=es -Duser.variant -javaagent:C:\Users\santi\.gradle\wrapper\dists\gradle-8.11.1-bin\bpt9gzteqjrbo1mjrsomdt32c\gradle-8.11.1\lib\agents\gradle-instrumentation-agent-8.11.1.jar org.gradle.launcher.daemon.bootstrap.GradleDaemon 8.11.1

Host: 11th Gen Intel(R) Core(TM) i5-11400H @ 2.70GHz, 12 cores, 7G,  Windows 11 , 64 bit Build 26100 (10.0.26100.3775)
Time: Sun Apr 27 18:42:11 2025 Hora estándar central (México) elapsed time: 10.479983 seconds (0d 0h 0m 10s)

---------------  T H R E A D  ---------------

Current thread (0x0000022ecf7e9de0):  JavaThread "C2 CompilerThread0" daemon [_thread_in_native, id=26340, stack(0x000000f3a3b00000,0x000000f3a3c00000) (1024K)]


Current CompileTask:
C2:10480 5455   !   4       java.net.URLClassLoader::findClass (47 bytes)

Stack: [0x000000f3a3b00000,0x000000f3a3c00000]
Native frames: (J=compiled Java code, j=interpreted, Vv=VM code, C=native code)
V  [jvm.dll+0x6cfb29]
V  [jvm.dll+0x85df93]
V  [jvm.dll+0x8604ee]
V  [jvm.dll+0x860bd3]
V  [jvm.dll+0x27e6b6]
V  [jvm.dll+0xbff6d]
V  [jvm.dll+0xc04a3]
V  [jvm.dll+0x3b5fc1]
V  [jvm.dll+0x1de664]
V  [jvm.dll+0x247db4]
V  [jvm.dll+0x247231]
V  [jvm.dll+0x1c5ee4]
V  [jvm.dll+0x25697c]
V  [jvm.dll+0x254ec6]
V  [jvm.dll+0x3f0ce6]
V  [jvm.dll+0x806368]
V  [jvm.dll+0x6ce3fd]
C  [ucrtbase.dll+0x37b0]
C  [KERNEL32.DLL+0x2e8d7]
C  [ntdll.dll+0xb14fc]


---------------  P R O C E S S  ---------------

Threads class SMR info:
_java_thread_list=0x0000022ed54d1660, length=33, elements={
0x0000022eb7d2ecc0, 0x0000022ecf796da0, 0x0000022ecf7ca240, 0x0000022ecf7df320,
0x0000022ecf7e3d90, 0x0000022ecf7e5350, 0x0000022ecf7e5da0, 0x0000022ecf7e9de0,
0x0000022ecf7ef950, 0x0000022ecf929150, 0x0000022ecfb65c40, 0x0000022ed4ded4f0,
0x0000022ed5d1e070, 0x0000022ed59f7ef0, 0x0000022ed5bfdb40, 0x0000022ed5bfe1a0,
0x0000022ed5d95920, 0x0000022ed5d9bc60, 0x0000022ed5db4720, 0x0000022ed5dbb790,
0x0000022ed5dbbe20, 0x0000022ed5dbd860, 0x0000022ed5dbc4b0, 0x0000022ed5dbb100,
0x0000022ed5dbcb40, 0x0000022ed5dbdef0, 0x0000022ed5dbd1d0, 0x0000022ed5dbaa70,
0x0000022ed59ee410, 0x0000022ed59f04e0, 0x0000022ed59ed060, 0x0000022ed59ed6f0,
0x0000022ed98b6b20
}

Java Threads: ( => current thread )
  0x0000022eb7d2ecc0 JavaThread "main"                              [_thread_blocked, id=9816, stack(0x000000f3a2d00000,0x000000f3a2e00000) (1024K)]
  0x0000022ecf796da0 JavaThread "Reference Handler"          daemon [_thread_blocked, id=12320, stack(0x000000f3a3500000,0x000000f3a3600000) (1024K)]
  0x0000022ecf7ca240 JavaThread "Finalizer"                  daemon [_thread_blocked, id=17344, stack(0x000000f3a3600000,0x000000f3a3700000) (1024K)]
  0x0000022ecf7df320 JavaThread "Signal Dispatcher"          daemon [_thread_blocked, id=22320, stack(0x000000f3a3700000,0x000000f3a3800000) (1024K)]
  0x0000022ecf7e3d90 JavaThread "Attach Listener"            daemon [_thread_blocked, id=23636, stack(0x000000f3a3800000,0x000000f3a3900000) (1024K)]
  0x0000022ecf7e5350 JavaThread "Service Thread"             daemon [_thread_blocked, id=14648, stack(0x000000f3a3900000,0x000000f3a3a00000) (1024K)]
  0x0000022ecf7e5da0 JavaThread "Monitor Deflation Thread"   daemon [_thread_blocked, id=7784, stack(0x000000f3a3a00000,0x000000f3a3b00000) (1024K)]
=>0x0000022ecf7e9de0 JavaThread "C2 CompilerThread0"         daemon [_thread_in_native, id=26340, stack(0x000000f3a3b00000,0x000000f3a3c00000) (1024K)]
  0x0000022ecf7ef950 JavaThread "C1 CompilerThread0"         daemon [_thread_blocked, id=26044, stack(0x000000f3a3c00000,0x000000f3a3d00000) (1024K)]
  0x0000022ecf929150 JavaThread "Common-Cleaner"             daemon [_thread_blocked, id=12516, stack(0x000000f3a3d00000,0x000000f3a3e00000) (1024K)]
  0x0000022ecfb65c40 JavaThread "Notification Thread"        daemon [_thread_blocked, id=23928, stack(0x000000f3a3e00000,0x000000f3a3f00000) (1024K)]
  0x0000022ed4ded4f0 JavaThread "Daemon health stats"               [_thread_blocked, id=22184, stack(0x000000f3a4400000,0x000000f3a4500000) (1024K)]
  0x0000022ed5d1e070 JavaThread "Incoming local TCP Connector on port 59284"        [_thread_in_native, id=24892, stack(0x000000f3a4500000,0x000000f3a4600000) (1024K)]
  0x0000022ed59f7ef0 JavaThread "Daemon periodic checks"            [_thread_blocked, id=10756, stack(0x000000f3a4600000,0x000000f3a4700000) (1024K)]
  0x0000022ed5bfdb40 JavaThread "Daemon"                            [_thread_blocked, id=20948, stack(0x000000f3a4700000,0x000000f3a4800000) (1024K)]
  0x0000022ed5bfe1a0 JavaThread "Handler for socket connection from /127.0.0.1:59284 to /127.0.0.1:59285"        [_thread_in_native, id=26032, stack(0x000000f3a4800000,0x000000f3a4900000) (1024K)]
  0x0000022ed5d95920 JavaThread "Cancel handler"                    [_thread_blocked, id=660, stack(0x000000f3a4900000,0x000000f3a4a00000) (1024K)]
  0x0000022ed5d9bc60 JavaThread "Daemon worker"                     [_thread_in_Java, id=17552, stack(0x000000f3a4a00000,0x000000f3a4b00000) (1024K)]
  0x0000022ed5db4720 JavaThread "Asynchronous log dispatcher for DefaultDaemonConnection: socket connection from /127.0.0.1:59284 to /127.0.0.1:59285"        [_thread_blocked, id=19888, stack(0x000000f3a4b00000,0x000000f3a4c00000) (1024K)]
  0x0000022ed5dbb790 JavaThread "Stdin handler"                     [_thread_blocked, id=26420, stack(0x000000f3a4c00000,0x000000f3a4d00000) (1024K)]
  0x0000022ed5dbbe20 JavaThread "Daemon client event forwarder"        [_thread_blocked, id=19580, stack(0x000000f3a4d00000,0x000000f3a4e00000) (1024K)]
  0x0000022ed5dbd860 JavaThread "Cache worker for journal cache (C:\Users\santi\.gradle\caches\journal-1)"        [_thread_blocked, id=9000, stack(0x000000f3a5400000,0x000000f3a5500000) (1024K)]
  0x0000022ed5dbc4b0 JavaThread "File lock request listener"        [_thread_in_native, id=24596, stack(0x000000f3a5500000,0x000000f3a5600000) (1024K)]
  0x0000022ed5dbb100 JavaThread "Cache worker for file hash cache (C:\Users\santi\.gradle\caches\8.11.1\fileHashes)"        [_thread_blocked, id=6292, stack(0x000000f3a5600000,0x000000f3a5700000) (1024K)]
  0x0000022ed5dbcb40 JavaThread "Cache worker for file content cache (C:\Users\santi\.gradle\caches\8.11.1\fileContent)"        [_thread_blocked, id=3156, stack(0x000000f3a5800000,0x000000f3a5900000) (1024K)]
  0x0000022ed5dbdef0 JavaThread "Cache worker for file hash cache (C:\Users\santi\OneDrive\Prueba\.gradle\8.11.1\fileHashes)"        [_thread_blocked, id=12704, stack(0x000000f3a5900000,0x000000f3a5a00000) (1024K)]
  0x0000022ed5dbd1d0 JavaThread "Cache worker for Build Output Cleanup Cache (C:\Users\santi\OneDrive\Prueba\.gradle\buildOutputCleanup)"        [_thread_blocked, id=21324, stack(0x000000f3a5a00000,0x000000f3a5b00000) (1024K)]
  0x0000022ed5dbaa70 JavaThread "File watcher server"        daemon [_thread_in_native, id=13672, stack(0x000000f3a5b00000,0x000000f3a5c00000) (1024K)]
  0x0000022ed59ee410 JavaThread "File watcher consumer"      daemon [_thread_blocked, id=22580, stack(0x000000f3a5c00000,0x000000f3a5d00000) (1024K)]
  0x0000022ed59f04e0 JavaThread "Cache worker for checksums cache (C:\Users\santi\OneDrive\Prueba\.gradle\8.11.1\checksums)"        [_thread_blocked, id=10224, stack(0x000000f3a5e00000,0x000000f3a5f00000) (1024K)]
  0x0000022ed59ed060 JavaThread "Cache worker for cache directory md-rule (C:\Users\santi\.gradle\caches\8.11.1\md-rule)"        [_thread_blocked, id=21128, stack(0x000000f3a5f00000,0x000000f3a6000000) (1024K)]
  0x0000022ed59ed6f0 JavaThread "Cache worker for cache directory md-supplier (C:\Users\santi\.gradle\caches\8.11.1\md-supplier)"        [_thread_blocked, id=14232, stack(0x000000f3a6000000,0x000000f3a6100000) (1024K)]
  0x0000022ed98b6b20 JavaThread "C2 CompilerThread1"         daemon [_thread_in_native, id=10404, stack(0x000000f3a5700000,0x000000f3a5800000) (1024K)]
Total: 33

Other Threads:
  0x0000022ecf5eb350 VMThread "VM Thread"                           [id=22840, stack(0x000000f3a3400000,0x000000f3a3500000) (1024K)]
  0x0000022ecf5a76b0 WatcherThread "VM Periodic Task Thread"        [id=1924, stack(0x000000f3a3300000,0x000000f3a3400000) (1024K)]
  0x0000022eb7d77ad0 WorkerThread "GC Thread#0"                     [id=15704, stack(0x000000f3a2e00000,0x000000f3a2f00000) (1024K)]
  0x0000022ed423c400 WorkerThread "GC Thread#1"                     [id=25440, stack(0x000000f3a4000000,0x000000f3a4100000) (1024K)]
  0x0000022ed440bee0 WorkerThread "GC Thread#2"                     [id=12536, stack(0x000000f3a4100000,0x000000f3a4200000) (1024K)]
  0x0000022ed4d6c4b0 WorkerThread "GC Thread#3"                     [id=9240, stack(0x000000f3a4200000,0x000000f3a4300000) (1024K)]
  0x0000022ed4d6c850 WorkerThread "GC Thread#4"                     [id=23912, stack(0x000000f3a4300000,0x000000f3a4400000) (1024K)]
  0x0000022ed4e3a270 WorkerThread "GC Thread#5"                     [id=15832, stack(0x000000f3a3f00000,0x000000f3a4000000) (1024K)]
  0x0000022ed5e707c0 WorkerThread "GC Thread#6"                     [id=22480, stack(0x000000f3a4e00000,0x000000f3a4f00000) (1024K)]
  0x0000022ed5e2fdc0 WorkerThread "GC Thread#7"                     [id=14176, stack(0x000000f3a4f00000,0x000000f3a5000000) (1024K)]
  0x0000022ed5e30160 WorkerThread "GC Thread#8"                     [id=23752, stack(0x000000f3a5000000,0x000000f3a5100000) (1024K)]
  0x0000022ed5e53820 WorkerThread "GC Thread#9"                     [id=19128, stack(0x000000f3a5100000,0x000000f3a5200000) (1024K)]
  0x0000022eb7d82f90 ConcurrentGCThread "G1 Main Marker"            [id=25948, stack(0x000000f3a2f00000,0x000000f3a3000000) (1024K)]
  0x0000022eb7d839a0 WorkerThread "G1 Conc#0"                       [id=24324, stack(0x000000f3a3000000,0x000000f3a3100000) (1024K)]
  0x0000022ed5e53bc0 WorkerThread "G1 Conc#1"                       [id=17412, stack(0x000000f3a5200000,0x000000f3a5300000) (1024K)]
  0x0000022ed5e52d40 WorkerThread "G1 Conc#2"                       [id=20408, stack(0x000000f3a5300000,0x000000f3a5400000) (1024K)]
  0x0000022eb7dee6b0 ConcurrentGCThread "G1 Refine#0"               [id=12096, stack(0x000000f3a3100000,0x000000f3a3200000) (1024K)]
  0x0000022ecf479270 ConcurrentGCThread "G1 Service"                [id=17128, stack(0x000000f3a3200000,0x000000f3a3300000) (1024K)]
Total: 18

Threads with active compile tasks:
C2 CompilerThread0  10510 5455   !   4       java.net.URLClassLoader::findClass (47 bytes)
C1 CompilerThread0  10510 5531       3       org.objectweb.asm.MethodWriter::visitLocalVariable (222 bytes)
C2 CompilerThread1  10510 5528       4       org.objectweb.asm.ByteVector::putShort (52 bytes)
Total: 3

VM state: not at safepoint (normal execution)

VM Mutex/Monitor currently owned by a thread: None

Heap address: 0x00000000a0000000, size: 1536 MB, Compressed Oops mode: 32-bit

CDS archive(s) not mapped
Compressed class space mapped at: 0x0000000100000000-0x0000000140000000, reserved size: 1073741824
Narrow klass base: 0x0000000000000000, Narrow klass shift: 3, Narrow klass range: 0x140000000

GC Precious Log:
 CardTable entry size: 512
 Card Set container configuration: InlinePtr #cards 5 size 8 Array Of Cards #cards 12 size 40 Howl #buckets 4 coarsen threshold 1843 Howl Bitmap #cards 512 size 80 coarsen threshold 460 Card regions per heap region 1 cards per card region 2048
 CPUs: 12 total, 12 available
 Memory: 7914M
 Large Page Support: Disabled
 NUMA Support: Disabled
 Compressed Oops: Enabled (32-bit)
 Heap Region Size: 1M
 Heap Min Capacity: 8M
 Heap Initial Capacity: 124M
 Heap Max Capacity: 1536M
 Pre-touch: Disabled
 Parallel Workers: 10
 Concurrent Workers: 3
 Concurrent Refinement Workers: 10
 Periodic GC: Disabled

Heap:
 garbage-first heap   total 96256K, used 68791K [0x00000000a0000000, 0x0000000100000000)
  region size 1024K, 36 young (36864K), 4 survivors (4096K)
 Metaspace       used 62821K, committed 64384K, reserved 1114112K
  class space    used 8573K, committed 9344K, reserved 1048576K

Heap Regions: E=young(eden), S=young(survivor), O=old, HS=humongous(starts), HC=humongous(continues), CS=collection set, F=free, TAMS=top-at-mark-start, PB=parsable bottom
|   0|0x00000000a0000000, 0x00000000a0100000, 0x00000000a0100000|100%| O|  |TAMS 0x00000000a0000000| PB 0x00000000a0000000| Untracked 
|   1|0x00000000a0100000, 0x00000000a0200000, 0x00000000a0200000|100%|HS|  |TAMS 0x00000000a0100000| PB 0x00000000a0100000| Complete 
|   2|0x00000000a0200000, 0x00000000a0300000, 0x00000000a0300000|100%|HC|  |TAMS 0x00000000a0200000| PB 0x00000000a0200000| Complete 
|   3|0x00000000a0300000, 0x00000000a0400000, 0x00000000a0400000|100%|HC|  |TAMS 0x00000000a0300000| PB 0x00000000a0300000| Complete 
|   4|0x00000000a0400000, 0x00000000a0500000, 0x00000000a0500000|100%| O|  |TAMS 0x00000000a0400000| PB 0x00000000a0400000| Untracked 
|   5|0x00000000a0500000, 0x00000000a0600000, 0x00000000a0600000|100%| O|  |TAMS 0x00000000a0500000| PB 0x00000000a0500000| Untracked 
|   6|0x00000000a0600000, 0x00000000a0700000, 0x00000000a0700000|100%| O|  |TAMS 0x00000000a0600000| PB 0x00000000a0600000| Untracked 
|   7|0x00000000a0700000, 0x00000000a0800000, 0x00000000a0800000|100%|HS|  |TAMS 0x00000000a0700000| PB 0x00000000a0700000| Complete 
|   8|0x00000000a0800000, 0x00000000a0900000, 0x00000000a0900000|100%| O|  |TAMS 0x00000000a0800000| PB 0x00000000a0800000| Untracked 
|   9|0x00000000a0900000, 0x00000000a0a00000, 0x00000000a0a00000|100%| O|  |TAMS 0x00000000a0900000| PB 0x00000000a0900000| Untracked 
|  10|0x00000000a0a00000, 0x00000000a0b00000, 0x00000000a0b00000|100%| O|  |TAMS 0x00000000a0a00000| PB 0x00000000a0a00000| Untracked 
|  11|0x00000000a0b00000, 0x00000000a0c00000, 0x00000000a0c00000|100%| O|  |TAMS 0x00000000a0b00000| PB 0x00000000a0b00000| Untracked 
|  12|0x00000000a0c00000, 0x00000000a0d00000, 0x00000000a0d00000|100%| O|  |TAMS 0x00000000a0c00000| PB 0x00000000a0c00000| Untracked 
|  13|0x00000000a0d00000, 0x00000000a0e00000, 0x00000000a0e00000|100%| O|  |TAMS 0x00000000a0d00000| PB 0x00000000a0d00000| Untracked 
|  14|0x00000000a0e00000, 0x00000000a0f00000, 0x00000000a0f00000|100%| O|  |TAMS 0x00000000a0e00000| PB 0x00000000a0e00000| Untracked 
|  15|0x00000000a0f00000, 0x00000000a1000000, 0x00000000a1000000|100%| O|  |TAMS 0x00000000a0f00000| PB 0x00000000a0f00000| Untracked 
|  16|0x00000000a1000000, 0x00000000a1100000, 0x00000000a1100000|100%| O|  |TAMS 0x00000000a1000000| PB 0x00000000a1000000| Untracked 
|  17|0x00000000a1100000, 0x00000000a1200000, 0x00000000a1200000|100%| O|Cm|TAMS 0x00000000a1100000| PB 0x00000000a1100000| Complete 
|  18|0x00000000a1200000, 0x00000000a1300000, 0x00000000a1300000|100%| O|  |TAMS 0x00000000a1200000| PB 0x00000000a1200000| Untracked 
|  19|0x00000000a1300000, 0x00000000a1400000, 0x00000000a1400000|100%| O|  |TAMS 0x00000000a1300000| PB 0x00000000a1300000| Untracked 
|  20|0x00000000a1400000, 0x00000000a1500000, 0x00000000a1500000|100%| O|  |TAMS 0x00000000a1400000| PB 0x00000000a1400000| Untracked 
|  21|0x00000000a1500000, 0x00000000a1600000, 0x00000000a1600000|100%| O|Cm|TAMS 0x00000000a1500000| PB 0x00000000a1500000| Complete 
|  22|0x00000000a1600000, 0x00000000a1700000, 0x00000000a1700000|100%| O|  |TAMS 0x00000000a1600000| PB 0x00000000a1600000| Untracked 
|  23|0x00000000a1700000, 0x00000000a1800000, 0x00000000a1800000|100%| O|  |TAMS 0x00000000a1700000| PB 0x00000000a1700000| Untracked 
|  24|0x00000000a1800000, 0x00000000a1900000, 0x00000000a1900000|100%| O|  |TAMS 0x00000000a1800000| PB 0x00000000a1800000| Untracked 
|  25|0x00000000a1900000, 0x00000000a19cb5b0, 0x00000000a1a00000| 79%| O|  |TAMS 0x00000000a1900000| PB 0x00000000a1900000| Untracked 
|  26|0x00000000a1a00000, 0x00000000a1a00000, 0x00000000a1b00000|  0%| F|  |TAMS 0x00000000a1a00000| PB 0x00000000a1a00000| Untracked 
|  27|0x00000000a1b00000, 0x00000000a1b00000, 0x00000000a1c00000|  0%| F|  |TAMS 0x00000000a1b00000| PB 0x00000000a1b00000| Untracked 
|  28|0x00000000a1c00000, 0x00000000a1c00000, 0x00000000a1d00000|  0%| F|  |TAMS 0x00000000a1c00000| PB 0x00000000a1c00000| Untracked 
|  29|0x00000000a1d00000, 0x00000000a1e00000, 0x00000000a1e00000|100%| O|  |TAMS 0x00000000a1d00000| PB 0x00000000a1d00000| Untracked 
|  30|0x00000000a1e00000, 0x00000000a1f00000, 0x00000000a1f00000|100%| O|  |TAMS 0x00000000a1e00000| PB 0x00000000a1e00000| Untracked 
|  31|0x00000000a1f00000, 0x00000000a2000000, 0x00000000a2000000|100%| O|  |TAMS 0x00000000a1f00000| PB 0x00000000a1f00000| Untracked 
|  32|0x00000000a2000000, 0x00000000a2000000, 0x00000000a2100000|  0%| F|  |TAMS 0x00000000a2000000| PB 0x00000000a2000000| Untracked 
|  33|0x00000000a2100000, 0x00000000a2100000, 0x00000000a2200000|  0%| F|  |TAMS 0x00000000a2100000| PB 0x00000000a2100000| Untracked 
|  34|0x00000000a2200000, 0x00000000a2200000, 0x00000000a2300000|  0%| F|  |TAMS 0x00000000a2200000| PB 0x00000000a2200000| Untracked 
|  35|0x00000000a2300000, 0x00000000a2300000, 0x00000000a2400000|  0%| F|  |TAMS 0x00000000a2300000| PB 0x00000000a2300000| Untracked 
|  36|0x00000000a2400000, 0x00000000a2400000, 0x00000000a2500000|  0%| F|  |TAMS 0x00000000a2400000| PB 0x00000000a2400000| Untracked 
|  37|0x00000000a2500000, 0x00000000a2500000, 0x00000000a2600000|  0%| F|  |TAMS 0x00000000a2500000| PB 0x00000000a2500000| Untracked 
|  38|0x00000000a2600000, 0x00000000a2600000, 0x00000000a2700000|  0%| F|  |TAMS 0x00000000a2600000| PB 0x00000000a2600000| Untracked 
|  39|0x00000000a2700000, 0x00000000a2700000, 0x00000000a2800000|  0%| F|  |TAMS 0x00000000a2700000| PB 0x00000000a2700000| Untracked 
|  40|0x00000000a2800000, 0x00000000a2800000, 0x00000000a2900000|  0%| F|  |TAMS 0x00000000a2800000| PB 0x00000000a2800000| Untracked 
|  41|0x00000000a2900000, 0x00000000a2900000, 0x00000000a2a00000|  0%| F|  |TAMS 0x00000000a2900000| PB 0x00000000a2900000| Untracked 
|  42|0x00000000a2a00000, 0x00000000a2a00000, 0x00000000a2b00000|  0%| F|  |TAMS 0x00000000a2a00000| PB 0x00000000a2a00000| Untracked 
|  43|0x00000000a2b00000, 0x00000000a2b00000, 0x00000000a2c00000|  0%| F|  |TAMS 0x00000000a2b00000| PB 0x00000000a2b00000| Untracked 
|  44|0x00000000a2c00000, 0x00000000a2c00000, 0x00000000a2d00000|  0%| F|  |TAMS 0x00000000a2c00000| PB 0x00000000a2c00000| Untracked 
|  45|0x00000000a2d00000, 0x00000000a2d00000, 0x00000000a2e00000|  0%| F|  |TAMS 0x00000000a2d00000| PB 0x00000000a2d00000| Untracked 
|  46|0x00000000a2e00000, 0x00000000a2e00000, 0x00000000a2f00000|  0%| F|  |TAMS 0x00000000a2e00000| PB 0x00000000a2e00000| Untracked 
|  47|0x00000000a2f00000, 0x00000000a2f00000, 0x00000000a3000000|  0%| F|  |TAMS 0x00000000a2f00000| PB 0x00000000a2f00000| Untracked 
|  48|0x00000000a3000000, 0x00000000a3000000, 0x00000000a3100000|  0%| F|  |TAMS 0x00000000a3000000| PB 0x00000000a3000000| Untracked 
|  49|0x00000000a3100000, 0x00000000a3100000, 0x00000000a3200000|  0%| F|  |TAMS 0x00000000a3100000| PB 0x00000000a3100000| Untracked 
|  50|0x00000000a3200000, 0x00000000a3200000, 0x00000000a3300000|  0%| F|  |TAMS 0x00000000a3200000| PB 0x00000000a3200000| Untracked 
|  51|0x00000000a3300000, 0x00000000a3300000, 0x00000000a3400000|  0%| F|  |TAMS 0x00000000a3300000| PB 0x00000000a3300000| Untracked 
|  52|0x00000000a3400000, 0x00000000a3400000, 0x00000000a3500000|  0%| F|  |TAMS 0x00000000a3400000| PB 0x00000000a3400000| Untracked 
|  53|0x00000000a3500000, 0x00000000a3580000, 0x00000000a3600000| 50%| E|  |TAMS 0x00000000a3500000| PB 0x00000000a3500000| Complete 
|  54|0x00000000a3600000, 0x00000000a3700000, 0x00000000a3700000|100%| E|CS|TAMS 0x00000000a3600000| PB 0x00000000a3600000| Complete 
|  55|0x00000000a3700000, 0x00000000a3800000, 0x00000000a3800000|100%| E|CS|TAMS 0x00000000a3700000| PB 0x00000000a3700000| Complete 
|  56|0x00000000a3800000, 0x00000000a3900000, 0x00000000a3900000|100%| E|CS|TAMS 0x00000000a3800000| PB 0x00000000a3800000| Complete 
|  57|0x00000000a3900000, 0x00000000a3a00000, 0x00000000a3a00000|100%| E|CS|TAMS 0x00000000a3900000| PB 0x00000000a3900000| Complete 
|  58|0x00000000a3a00000, 0x00000000a3b00000, 0x00000000a3b00000|100%| E|CS|TAMS 0x00000000a3a00000| PB 0x00000000a3a00000| Complete 
|  59|0x00000000a3b00000, 0x00000000a3b626d8, 0x00000000a3c00000| 38%| S|CS|TAMS 0x00000000a3b00000| PB 0x00000000a3b00000| Complete 
|  60|0x00000000a3c00000, 0x00000000a3d00000, 0x00000000a3d00000|100%| S|CS|TAMS 0x00000000a3c00000| PB 0x00000000a3c00000| Complete 
|  61|0x00000000a3d00000, 0x00000000a3e00000, 0x00000000a3e00000|100%| S|CS|TAMS 0x00000000a3d00000| PB 0x00000000a3d00000| Complete 
|  62|0x00000000a3e00000, 0x00000000a3f00000, 0x00000000a3f00000|100%| S|CS|TAMS 0x00000000a3e00000| PB 0x00000000a3e00000| Complete 
|  63|0x00000000a3f00000, 0x00000000a4000000, 0x00000000a4000000|100%| E|CS|TAMS 0x00000000a3f00000| PB 0x00000000a3f00000| Complete 
|  64|0x00000000a4000000, 0x00000000a4100000, 0x00000000a4100000|100%| E|CS|TAMS 0x00000000a4000000| PB 0x00000000a4000000| Complete 
|  65|0x00000000a4100000, 0x00000000a4200000, 0x00000000a4200000|100%| E|CS|TAMS 0x00000000a4100000| PB 0x00000000a4100000| Complete 
|  66|0x00000000a4200000, 0x00000000a4300000, 0x00000000a4300000|100%| E|CS|TAMS 0x00000000a4200000| PB 0x00000000a4200000| Complete 
|  67|0x00000000a4300000, 0x00000000a4400000, 0x00000000a4400000|100%| E|CS|TAMS 0x00000000a4300000| PB 0x00000000a4300000| Complete 
|  68|0x00000000a4400000, 0x00000000a4500000, 0x00000000a4500000|100%| E|CS|TAMS 0x00000000a4400000| PB 0x00000000a4400000| Complete 
|  69|0x00000000a4500000, 0x00000000a4600000, 0x00000000a4600000|100%| E|CS|TAMS 0x00000000a4500000| PB 0x00000000a4500000| Complete 
|  70|0x00000000a4600000, 0x00000000a4700000, 0x00000000a4700000|100%| E|CS|TAMS 0x00000000a4600000| PB 0x00000000a4600000| Complete 
|  71|0x00000000a4700000, 0x00000000a4800000, 0x00000000a4800000|100%| E|CS|TAMS 0x00000000a4700000| PB 0x00000000a4700000| Complete 
|  72|0x00000000a4800000, 0x00000000a4900000, 0x00000000a4900000|100%| E|CS|TAMS 0x00000000a4800000| PB 0x00000000a4800000| Complete 
|  73|0x00000000a4900000, 0x00000000a4a00000, 0x00000000a4a00000|100%| E|CS|TAMS 0x00000000a4900000| PB 0x00000000a4900000| Complete 
|  74|0x00000000a4a00000, 0x00000000a4b00000, 0x00000000a4b00000|100%| E|CS|TAMS 0x00000000a4a00000| PB 0x00000000a4a00000| Complete 
|  75|0x00000000a4b00000, 0x00000000a4c00000, 0x00000000a4c00000|100%| E|CS|TAMS 0x00000000a4b00000| PB 0x00000000a4b00000| Complete 
|  76|0x00000000a4c00000, 0x00000000a4d00000, 0x00000000a4d00000|100%| E|CS|TAMS 0x00000000a4c00000| PB 0x00000000a4c00000| Complete 
|  77|0x00000000a4d00000, 0x00000000a4e00000, 0x00000000a4e00000|100%| E|CS|TAMS 0x00000000a4d00000| PB 0x00000000a4d00000| Complete 
|  78|0x00000000a4e00000, 0x00000000a4f00000, 0x00000000a4f00000|100%| E|CS|TAMS 0x00000000a4e00000| PB 0x00000000a4e00000| Complete 
|  88|0x00000000a5800000, 0x00000000a5900000, 0x00000000a5900000|100%| E|CS|TAMS 0x00000000a5800000| PB 0x00000000a5800000| Complete 
|  89|0x00000000a5900000, 0x00000000a5a00000, 0x00000000a5a00000|100%| E|CS|TAMS 0x00000000a5900000| PB 0x00000000a5900000| Complete 
|  90|0x00000000a5a00000, 0x00000000a5b00000, 0x00000000a5b00000|100%| E|  |TAMS 0x00000000a5a00000| PB 0x00000000a5a00000| Complete 
|  91|0x00000000a5b00000, 0x00000000a5c00000, 0x00000000a5c00000|100%| E|CS|TAMS 0x00000000a5b00000| PB 0x00000000a5b00000| Complete 
|  92|0x00000000a5c00000, 0x00000000a5d00000, 0x00000000a5d00000|100%| E|CS|TAMS 0x00000000a5c00000| PB 0x00000000a5c00000| Complete 
|  93|0x00000000a5d00000, 0x00000000a5e00000, 0x00000000a5e00000|100%| E|CS|TAMS 0x00000000a5d00000| PB 0x00000000a5d00000| Complete 
|  94|0x00000000a5e00000, 0x00000000a5f00000, 0x00000000a5f00000|100%| E|CS|TAMS 0x00000000a5e00000| PB 0x00000000a5e00000| Complete 
|  95|0x00000000a5f00000, 0x00000000a6000000, 0x00000000a6000000|100%| E|CS|TAMS 0x00000000a5f00000| PB 0x00000000a5f00000| Complete 
| 122|0x00000000a7a00000, 0x00000000a7b00000, 0x00000000a7b00000|100%| E|CS|TAMS 0x00000000a7a00000| PB 0x00000000a7a00000| Complete 
| 123|0x00000000a7b00000, 0x00000000a7c00000, 0x00000000a7c00000|100%| E|CS|TAMS 0x00000000a7b00000| PB 0x00000000a7b00000| Complete 
|1531|0x00000000ffb00000, 0x00000000ffc00000, 0x00000000ffc00000|100%| O|  |TAMS 0x00000000ffb00000| PB 0x00000000ffb00000| Untracked 
|1532|0x00000000ffc00000, 0x00000000ffd00000, 0x00000000ffd00000|100%| O|  |TAMS 0x00000000ffc00000| PB 0x00000000ffc00000| Untracked 
|1533|0x00000000ffd00000, 0x00000000ffe00000, 0x00000000ffe00000|100%| O|  |TAMS 0x00000000ffd00000| PB 0x00000000ffd00000| Untracked 
|1534|0x00000000ffe00000, 0x00000000fff00000, 0x00000000fff00000|100%| O|  |TAMS 0x00000000ffe00000| PB 0x00000000ffe00000| Untracked 
|1535|0x00000000fff00000, 0x0000000100000000, 0x0000000100000000|100%| O|  |TAMS 0x00000000fff00000| PB 0x00000000fff00000| Untracked 

Card table byte_map: [0x0000022ecaea0000,0x0000022ecb1a0000] _byte_map_base: 0x0000022eca9a0000

Marking Bits: (CMBitMap*) 0x0000022eb7d780e0
 Bits: [0x0000022ecb1a0000, 0x0000022ecc9a0000)

Polling page: 0x0000022eb62d0000

Metaspace:

Usage:
  Non-class:     52.99 MB used.
      Class:      8.37 MB used.
       Both:     61.36 MB used.

Virtual space:
  Non-class space:       64.00 MB reserved,      53.75 MB ( 84%) committed,  1 nodes.
      Class space:        1.00 GB reserved,       9.12 MB ( <1%) committed,  1 nodes.
             Both:        1.06 GB reserved,      62.88 MB (  6%) committed. 

Chunk freelists:
   Non-Class:  10.14 MB
       Class:  6.91 MB
        Both:  17.05 MB

MaxMetaspaceSize: unlimited
CompressedClassSpaceSize: 1.00 GB
Initial GC threshold: 21.00 MB
Current GC threshold: 98.06 MB
CDS: off
 - commit_granule_bytes: 65536.
 - commit_granule_words: 8192.
 - virtual_space_node_default_size: 8388608.
 - enlarge_chunks_in_place: 1.
 - use_allocation_guard: 0.


Internal statistics:

num_allocs_failed_limit: 9.
num_arena_births: 2880.
num_arena_deaths: 0.
num_vsnodes_births: 2.
num_vsnodes_deaths: 0.
num_space_committed: 1006.
num_space_uncommitted: 0.
num_chunks_returned_to_freelist: 9.
num_chunks_taken_from_freelist: 5347.
num_chunk_merges: 9.
num_chunk_splits: 3502.
num_chunks_enlarged: 2229.
num_inconsistent_stats: 0.

CodeHeap 'non-profiled nmethods': size=120000Kb used=3214Kb max_used=3214Kb free=116785Kb
 bounds [0x0000022ec29e0000, 0x0000022ec2d10000, 0x0000022ec9f10000]
CodeHeap 'profiled nmethods': size=120000Kb used=9299Kb max_used=9299Kb free=110700Kb
 bounds [0x0000022ebaf10000, 0x0000022ebb830000, 0x0000022ec2440000]
CodeHeap 'non-nmethods': size=5760Kb used=2173Kb max_used=2204Kb free=3586Kb
 bounds [0x0000022ec2440000, 0x0000022ec26b0000, 0x0000022ec29e0000]
 total_blobs=5716 nmethods=4973 adapters=646
 compilation: enabled
              stopped_count=0, restarted_count=0
 full_count=0

Compilation events (20 events):
Event: 9.432 Thread 0x0000022ecf7ef950 5512       1       com.google.common.collect.LinkedHashMultimap$ValueSet::setSuccessorInValueSet (6 bytes)
Event: 9.432 Thread 0x0000022ecf7ef950 nmethod 5512 0x0000022ec2cffd90 code [0x0000022ec2cfff20, 0x0000022ec2d00030]
Event: 9.435 Thread 0x0000022ecf7ef950 5514       3       sun.reflect.generics.parser.SignatureParser::parseZeroOrMoreTypeSignatures (174 bytes)
Event: 9.436 Thread 0x0000022ecf7ef950 nmethod 5514 0x0000022ebb818910 code [0x0000022ebb818b80, 0x0000022ebb819848]
Event: 9.436 Thread 0x0000022ecf7ef950 5515       3       sun.reflect.generics.tree.MethodTypeSignature::<init> (26 bytes)
Event: 9.436 Thread 0x0000022ecf7ef950 nmethod 5515 0x0000022ebb819c10 code [0x0000022ebb819dc0, 0x0000022ebb81a098]
Event: 9.448 Thread 0x0000022ecf7ef950 5517       1       org.gradle.internal.operations.BuildOperationDescriptor::getParentId (5 bytes)
Event: 9.448 Thread 0x0000022ecf7ef950 nmethod 5517 0x0000022ec2d00390 code [0x0000022ec2d00520, 0x0000022ec2d005e8]
Event: 9.476 Thread 0x0000022ecf7ef950 5518       3       org.objectweb.asm.ClassReader::readInt (52 bytes)
Event: 9.476 Thread 0x0000022ecf7ef950 nmethod 5518 0x0000022ebb81a190 code [0x0000022ebb81a340, 0x0000022ebb81a518]
Event: 9.476 Thread 0x0000022ecf7ef950 5519       3       org.objectweb.asm.ClassReader::createDebugLabel (23 bytes)
Event: 9.476 Thread 0x0000022ecf7ef950 nmethod 5519 0x0000022ebb81a690 code [0x0000022ebb81a860, 0x0000022ebb81ace8]
Event: 9.476 Thread 0x0000022ecf7ef950 5520       3       org.objectweb.asm.SymbolTable::addConstantMethodHandle (197 bytes)
Event: 9.476 Thread 0x0000022ecf7ef950 nmethod 5520 0x0000022ebb81af10 code [0x0000022ebb81b1a0, 0x0000022ebb81bae8]
Event: 9.476 Thread 0x0000022ecf7ef950 5521       3       org.objectweb.asm.ClassReader::readClass (7 bytes)
Event: 9.477 Thread 0x0000022ecf7ef950 nmethod 5521 0x0000022ebb81c090 code [0x0000022ebb81c280, 0x0000022ebb81c600]
Event: 9.477 Thread 0x0000022ecf7ef950 5522       3       org.objectweb.asm.ClassReader::readStringish (16 bytes)
Event: 9.477 Thread 0x0000022ecf7ef950 nmethod 5522 0x0000022ebb81c790 code [0x0000022ebb81c980, 0x0000022ebb81cc88]
Event: 9.477 Thread 0x0000022ecf7ef950 5523   !   3       java.util.concurrent.ConcurrentHashMap::computeIfAbsent (576 bytes)
Event: 10.477 Thread 0x0000022ecf7ef950 nmethod 5523 0x0000022ebb81ce10 code [0x0000022ebb81d260, 0x0000022ebb81f490]

GC Heap History (20 events):
Event: 2.079 GC heap before
{Heap before GC invocations=2 (full 0):
 garbage-first heap   total 126976K, used 59466K [0x00000000a0000000, 0x0000000100000000)
  region size 1024K, 50 young (51200K), 5 survivors (5120K)
 Metaspace       used 12913K, committed 13120K, reserved 1114112K
  class space    used 1406K, committed 1536K, reserved 1048576K
}
Event: 2.087 GC heap after
{Heap after GC invocations=3 (full 0):
 garbage-first heap   total 126976K, used 17149K [0x00000000a0000000, 0x0000000100000000)
  region size 1024K, 5 young (5120K), 5 survivors (5120K)
 Metaspace       used 12913K, committed 13120K, reserved 1114112K
  class space    used 1406K, committed 1536K, reserved 1048576K
}
Event: 3.359 GC heap before
{Heap before GC invocations=3 (full 0):
 garbage-first heap   total 126976K, used 44797K [0x00000000a0000000, 0x0000000100000000)
  region size 1024K, 33 young (33792K), 5 survivors (5120K)
 Metaspace       used 21216K, committed 21504K, reserved 1114112K
  class space    used 2454K, committed 2560K, reserved 1048576K
}
Event: 3.364 GC heap after
{Heap after GC invocations=4 (full 0):
 garbage-first heap   total 126976K, used 20457K [0x00000000a0000000, 0x0000000100000000)
  region size 1024K, 8 young (8192K), 8 survivors (8192K)
 Metaspace       used 21216K, committed 21504K, reserved 1114112K
  class space    used 2454K, committed 2560K, reserved 1048576K
}
Event: 4.528 GC heap before
{Heap before GC invocations=5 (full 0):
 garbage-first heap   total 68608K, used 68585K [0x00000000a0000000, 0x0000000100000000)
  region size 1024K, 55 young (56320K), 8 survivors (8192K)
 Metaspace       used 28941K, committed 29440K, reserved 1114112K
  class space    used 3694K, committed 3904K, reserved 1048576K
}
Event: 4.535 GC heap after
{Heap after GC invocations=6 (full 0):
 garbage-first heap   total 79872K, used 23164K [0x00000000a0000000, 0x0000000100000000)
  region size 1024K, 6 young (6144K), 6 survivors (6144K)
 Metaspace       used 28941K, committed 29440K, reserved 1114112K
  class space    used 3694K, committed 3904K, reserved 1048576K
}
Event: 5.221 GC heap before
{Heap before GC invocations=6 (full 0):
 garbage-first heap   total 79872K, used 64124K [0x00000000a0000000, 0x0000000100000000)
  region size 1024K, 46 young (47104K), 6 survivors (6144K)
 Metaspace       used 34518K, committed 35392K, reserved 1114112K
  class space    used 4605K, committed 5056K, reserved 1048576K
}
Event: 5.228 GC heap after
{Heap after GC invocations=7 (full 0):
 garbage-first heap   total 79872K, used 25894K [0x00000000a0000000, 0x0000000100000000)
  region size 1024K, 6 young (6144K), 6 survivors (6144K)
 Metaspace       used 34518K, committed 35392K, reserved 1114112K
  class space    used 4605K, committed 5056K, reserved 1048576K
}
Event: 5.342 GC heap before
{Heap before GC invocations=7 (full 0):
 garbage-first heap   total 79872K, used 31014K [0x00000000a0000000, 0x0000000100000000)
  region size 1024K, 12 young (12288K), 6 survivors (6144K)
 Metaspace       used 35125K, committed 35968K, reserved 1114112K
  class space    used 4719K, committed 5184K, reserved 1048576K
}
Event: 5.347 GC heap after
{Heap after GC invocations=8 (full 0):
 garbage-first heap   total 79872K, used 26506K [0x00000000a0000000, 0x0000000100000000)
  region size 1024K, 4 young (4096K), 4 survivors (4096K)
 Metaspace       used 35125K, committed 35968K, reserved 1114112K
  class space    used 4719K, committed 5184K, reserved 1048576K
}
Event: 5.906 GC heap before
{Heap before GC invocations=9 (full 0):
 garbage-first heap   total 79872K, used 67466K [0x00000000a0000000, 0x0000000100000000)
  region size 1024K, 44 young (45056K), 4 survivors (4096K)
 Metaspace       used 40732K, committed 41856K, reserved 1114112K
  class space    used 5593K, committed 6144K, reserved 1048576K
}
Event: 5.911 GC heap after
{Heap after GC invocations=10 (full 0):
 garbage-first heap   total 79872K, used 28945K [0x00000000a0000000, 0x0000000100000000)
  region size 1024K, 6 young (6144K), 6 survivors (6144K)
 Metaspace       used 40732K, committed 41856K, reserved 1114112K
  class space    used 5593K, committed 6144K, reserved 1048576K
}
Event: 6.339 GC heap before
{Heap before GC invocations=10 (full 0):
 garbage-first heap   total 79872K, used 66833K [0x00000000a0000000, 0x0000000100000000)
  region size 1024K, 44 young (45056K), 6 survivors (6144K)
 Metaspace       used 46247K, committed 47488K, reserved 1114112K
  class space    used 6157K, committed 6784K, reserved 1048576K
}
Event: 6.346 GC heap after
{Heap after GC invocations=11 (full 0):
 garbage-first heap   total 79872K, used 32216K [0x00000000a0000000, 0x0000000100000000)
  region size 1024K, 6 young (6144K), 6 survivors (6144K)
 Metaspace       used 46247K, committed 47488K, reserved 1114112K
  class space    used 6157K, committed 6784K, reserved 1048576K
}
Event: 6.688 GC heap before
{Heap before GC invocations=11 (full 0):
 garbage-first heap   total 79872K, used 68056K [0x00000000a0000000, 0x0000000100000000)
  region size 1024K, 41 young (41984K), 6 survivors (6144K)
 Metaspace       used 48064K, committed 49408K, reserved 1114112K
  class space    used 6437K, committed 7104K, reserved 1048576K
}
Event: 6.694 GC heap after
{Heap after GC invocations=12 (full 0):
 garbage-first heap   total 96256K, used 34413K [0x00000000a0000000, 0x0000000100000000)
  region size 1024K, 6 young (6144K), 6 survivors (6144K)
 Metaspace       used 48064K, committed 49408K, reserved 1114112K
  class space    used 6437K, committed 7104K, reserved 1048576K
}
Event: 7.646 GC heap before
{Heap before GC invocations=12 (full 0):
 garbage-first heap   total 96256K, used 84589K [0x00000000a0000000, 0x0000000100000000)
  region size 1024K, 53 young (54272K), 6 survivors (6144K)
 Metaspace       used 54981K, committed 56448K, reserved 1114112K
  class space    used 7385K, committed 8128K, reserved 1048576K
}
Event: 7.653 GC heap after
{Heap after GC invocations=13 (full 0):
 garbage-first heap   total 96256K, used 36987K [0x00000000a0000000, 0x0000000100000000)
  region size 1024K, 5 young (5120K), 5 survivors (5120K)
 Metaspace       used 54981K, committed 56448K, reserved 1114112K
  class space    used 7385K, committed 8128K, reserved 1048576K
}
Event: 8.426 GC heap before
{Heap before GC invocations=13 (full 0):
 garbage-first heap   total 96256K, used 62587K [0x00000000a0000000, 0x0000000100000000)
  region size 1024K, 31 young (31744K), 5 survivors (5120K)
 Metaspace       used 58617K, committed 60096K, reserved 1114112K
  class space    used 7889K, committed 8640K, reserved 1048576K
}
Event: 8.430 GC heap after
{Heap after GC invocations=14 (full 0):
 garbage-first heap   total 96256K, used 38071K [0x00000000a0000000, 0x0000000100000000)
  region size 1024K, 4 young (4096K), 4 survivors (4096K)
 Metaspace       used 58617K, committed 60096K, reserved 1114112K
  class space    used 7889K, committed 8640K, reserved 1048576K
}

Dll operation events (3 events):
Event: 0.030 Loaded shared library C:\Program Files\Android\Android Studio\jbr\bin\java.dll
Event: 0.047 Loaded shared library C:\Program Files\Android\Android Studio\jbr\bin\zip.dll
Event: 0.789 Loaded shared library C:\Program Files\Android\Android Studio\jbr\bin\verify.dll

Deoptimization events (20 events):
Event: 9.085 Thread 0x0000022ed5d9bc60 Uncommon trap: trap_request=0xffffffde fr.pc=0x0000022ec2cd1414 relative=0x00000000000053d4
Event: 9.085 Thread 0x0000022ed5d9bc60 Uncommon trap: reason=class_check action=maybe_recompile pc=0x0000022ec2cd1414 method=java.net.URLClassLoader.defineClass(Ljava/lang/String;Ljdk/internal/loader/Resource;)Ljava/lang/Class; @ 34 c2
Event: 9.085 Thread 0x0000022ed5d9bc60 DEOPT PACKING pc=0x0000022ec2cd1414 sp=0x000000f3a4af88d0
Event: 9.085 Thread 0x0000022ed5d9bc60 DEOPT UNPACKING pc=0x0000022ec2497da2 sp=0x000000f3a4af8888 mode 2
Event: 9.359 Thread 0x0000022ed5d9bc60 Uncommon trap: trap_request=0xffffff45 fr.pc=0x0000022ec2a07114 relative=0x00000000000003d4
Event: 9.359 Thread 0x0000022ed5d9bc60 Uncommon trap: reason=unstable_if action=reinterpret pc=0x0000022ec2a07114 method=org.gradle.internal.reflect.PropertyAccessorType.isGetGetterName(Ljava/lang/String;)Z @ 14 c2
Event: 9.359 Thread 0x0000022ed5d9bc60 DEOPT PACKING pc=0x0000022ec2a07114 sp=0x000000f3a4af92b0
Event: 9.359 Thread 0x0000022ed5d9bc60 DEOPT UNPACKING pc=0x0000022ec2497da2 sp=0x000000f3a4af9208 mode 2
Event: 9.388 Thread 0x0000022ed5d9bc60 Uncommon trap: trap_request=0xffffff45 fr.pc=0x0000022ec2c7ce88 relative=0x0000000000000408
Event: 9.388 Thread 0x0000022ed5d9bc60 Uncommon trap: reason=unstable_if action=reinterpret pc=0x0000022ec2c7ce88 method=org.objectweb.asm.MethodWriter.visitVarInsn(II)V @ 108 c2
Event: 9.388 Thread 0x0000022ed5d9bc60 DEOPT PACKING pc=0x0000022ec2c7ce88 sp=0x000000f3a4af8e60
Event: 9.388 Thread 0x0000022ed5d9bc60 DEOPT UNPACKING pc=0x0000022ec2497da2 sp=0x000000f3a4af8e18 mode 2
Event: 9.388 Thread 0x0000022ed5d9bc60 Uncommon trap: trap_request=0xffffff45 fr.pc=0x0000022ec29ef228 relative=0x0000000000000108
Event: 9.389 Thread 0x0000022ed5d9bc60 Uncommon trap: reason=unstable_if action=reinterpret pc=0x0000022ec29ef228 method=org.objectweb.asm.ByteVector.putShort(I)Lorg/objectweb/asm/ByteVector; @ 13 c2
Event: 9.389 Thread 0x0000022ed5d9bc60 DEOPT PACKING pc=0x0000022ec29ef228 sp=0x000000f3a4af8d90
Event: 9.389 Thread 0x0000022ed5d9bc60 DEOPT UNPACKING pc=0x0000022ec2497da2 sp=0x000000f3a4af8d28 mode 2
Event: 9.448 Thread 0x0000022ed5d9bc60 Uncommon trap: trap_request=0xffffff45 fr.pc=0x0000022ec2bd1344 relative=0x0000000000001364
Event: 9.448 Thread 0x0000022ed5d9bc60 Uncommon trap: reason=unstable_if action=reinterpret pc=0x0000022ec2bd1344 method=java.util.concurrent.ConcurrentHashMap.computeIfAbsent(Ljava/lang/Object;Ljava/util/function/Function;)Ljava/lang/Object; @ 123 c2
Event: 9.448 Thread 0x0000022ed5d9bc60 DEOPT PACKING pc=0x0000022ec2bd1344 sp=0x000000f3a4afa1c0
Event: 9.448 Thread 0x0000022ed5d9bc60 DEOPT UNPACKING pc=0x0000022ec2497da2 sp=0x000000f3a4afa140 mode 2

Classes loaded (20 events):
Event: 9.072 Loading class java/io/ObjectStreamClass$1
Event: 9.073 Loading class java/io/ObjectStreamClass$1 done
Event: 9.073 Loading class java/io/ObjectStreamClass$MemberSignature
Event: 9.074 Loading class java/io/ObjectStreamClass$MemberSignature done
Event: 9.074 Loading class java/io/ObjectStreamClass$3
Event: 9.074 Loading class java/io/ObjectStreamClass$3 done
Event: 9.074 Loading class java/io/ObjectStreamClass$4
Event: 9.074 Loading class java/io/ObjectStreamClass$4 done
Event: 9.074 Loading class java/io/ObjectStreamClass$5
Event: 9.074 Loading class java/io/ObjectStreamClass$5 done
Event: 9.075 Loading class java/io/ObjectStreamClass$ClassDataSlot
Event: 9.075 Loading class java/io/ObjectStreamClass$ClassDataSlot done
Event: 9.080 Loading class jdk/internal/reflect/MethodHandleLongFieldAccessorImpl
Event: 9.080 Loading class jdk/internal/reflect/MethodHandleLongFieldAccessorImpl done
Event: 9.085 Loading class java/io/SerialCallbackContext
Event: 9.085 Loading class java/io/SerialCallbackContext done
Event: 9.266 Loading class java/util/DualPivotQuicksort
Event: 9.267 Loading class java/util/DualPivotQuicksort done
Event: 9.346 Loading class java/util/function/LongUnaryOperator
Event: 9.347 Loading class java/util/function/LongUnaryOperator done

Classes unloaded (0 events):
No events

Classes redefined (0 events):
No events

Internal exceptions (20 events):
Event: 7.101 Thread 0x0000022ed5d9bc60 Exception <a 'java/lang/NoSuchMethodError'{0x00000000a3df9280}: 'java.lang.Object java.lang.invoke.DirectMethodHandle$Holder.newInvokeSpecial(java.lang.Object, java.lang.Object, int, java.lang.Object)'> (0x00000000a3df9280) 
thrown [s\src\hotspot\share\interpreter\linkResolver.cpp, line 784]
Event: 7.101 Thread 0x0000022ed5d9bc60 Exception <a 'java/lang/NoSuchMethodError'{0x00000000a3dfdac0}: 'java.lang.Object java.lang.invoke.DirectMethodHandle$Holder.invokeSpecial(java.lang.Object, java.lang.Object, java.lang.Object, int, java.lang.Object)'> (0x00000000a3dfdac0) 
thrown [s\src\hotspot\share\interpreter\linkResolver.cpp, line 784]
Event: 8.302 Thread 0x0000022ed5d9bc60 Exception <a 'sun/nio/fs/WindowsException'{0x00000000a458d038}> (0x00000000a458d038) 
thrown [s\src\hotspot\share\prims\jni.cpp, line 535]
Event: 8.302 Thread 0x0000022ed5d9bc60 Exception <a 'sun/nio/fs/WindowsException'{0x00000000a458e6b0}> (0x00000000a458e6b0) 
thrown [s\src\hotspot\share\prims\jni.cpp, line 535]
Event: 8.339 Thread 0x0000022ed5d9bc60 Exception <a 'java/lang/NoSuchMethodError'{0x00000000a4330e88}: 'java.lang.Object java.lang.invoke.DirectMethodHandle$Holder.newInvokeSpecial(java.lang.Object, java.lang.Object, java.lang.Object, int)'> (0x00000000a4330e88) 
thrown [s\src\hotspot\share\interpreter\linkResolver.cpp, line 784]
Event: 8.340 Thread 0x0000022ed5d9bc60 Exception <a 'java/lang/NoSuchMethodError'{0x00000000a4335678}: 'java.lang.Object java.lang.invoke.DirectMethodHandle$Holder.invokeSpecial(java.lang.Object, java.lang.Object, java.lang.Object, java.lang.Object, int)'> (0x00000000a4335678) 
thrown [s\src\hotspot\share\interpreter\linkResolver.cpp, line 784]
Event: 8.340 Thread 0x0000022ed5d9bc60 Exception <a 'java/lang/NoSuchMethodError'{0x00000000a43397b0}: 'java.lang.Object java.lang.invoke.Invokers$Holder.linkToTargetMethod(java.lang.Object, java.lang.Object, int, java.lang.Object)'> (0x00000000a43397b0) 
thrown [s\src\hotspot\share\interpreter\linkResolver.cpp, line 784]
Event: 8.352 Thread 0x0000022ed5d9bc60 Exception <a 'sun/nio/fs/WindowsException'{0x00000000a43ec080}> (0x00000000a43ec080) 
thrown [s\src\hotspot\share\prims\jni.cpp, line 535]
Event: 8.395 Thread 0x0000022ed5d9bc60 Exception <a 'java/lang/NoSuchMethodError'{0x00000000a40423d0}: 'int java.lang.invoke.DirectMethodHandle$Holder.invokeInterface(java.lang.Object, java.lang.Object, java.lang.Object, java.lang.Object, java.lang.Object)'> (0x00000000a40423d0) 
thrown [s\src\hotspot\share\interpreter\linkResolver.cpp, line 784]
Event: 8.666 Thread 0x0000022ed5d9bc60 Exception <a 'java/lang/NoSuchMethodError'{0x00000000a5a084e0}: 'void java.lang.invoke.DirectMethodHandle$Holder.invokeStatic(java.lang.Object, java.lang.Object, java.lang.Object, java.lang.Object, java.lang.Object, java.lang.Object, java.lang.Object)'> (0x00000000a5a084e0) 
thrown [s\src\hotspot\share\interpreter\linkResolver.cpp, line 784]
Event: 9.074 Thread 0x0000022ed5dbbe20 Exception <a 'java/lang/NoSuchMethodError'{0x00000000a47a8e60}: static Lorg/gradle/internal/build/event/types/DefaultOperationStartedProgressEvent;.<clinit>()V> (0x00000000a47a8e60) 
thrown [s\src\hotspot\share\prims\jni.cpp, line 1135]
Event: 9.075 Thread 0x0000022ed5dbbe20 Exception <a 'java/lang/NoSuchMethodError'{0x00000000a47ab110}: static Lorg/gradle/internal/build/event/types/AbstractProgressEvent;.<clinit>()V> (0x00000000a47ab110) 
thrown [s\src\hotspot\share\prims\jni.cpp, line 1135]
Event: 9.078 Thread 0x0000022ed5dbbe20 Exception <a 'java/lang/NoSuchMethodError'{0x00000000a47bcf68}: static Lorg/gradle/internal/build/event/types/DefaultProjectConfigurationDescriptor;.<clinit>()V> (0x00000000a47bcf68) 
thrown [s\src\hotspot\share\prims\jni.cpp, line 1135]
Event: 9.079 Thread 0x0000022ed5dbbe20 Exception <a 'java/lang/NoSuchMethodError'{0x00000000a47bf4f0}: static Lorg/gradle/internal/build/event/types/DefaultOperationDescriptor;.<clinit>()V> (0x00000000a47bf4f0) 
thrown [s\src\hotspot\share\prims\jni.cpp, line 1135]
Event: 9.081 Thread 0x0000022ed5dbbe20 Exception <a 'java/lang/NoSuchMethodError'{0x00000000a47c45b8}: 'long java.lang.invoke.DirectMethodHandle$Holder.invokeSpecial(java.lang.Object, java.lang.Object)'> (0x00000000a47c45b8) 
thrown [s\src\hotspot\share\interpreter\linkResolver.cpp, line 784]
Event: 9.081 Thread 0x0000022ed5dbbe20 Exception <a 'java/lang/NoSuchMethodError'{0x00000000a47c79c8}: 'long java.lang.invoke.Invokers$Holder.invokeExact_MT(java.lang.Object, java.lang.Object)'> (0x00000000a47c79c8) 
thrown [s\src\hotspot\share\interpreter\linkResolver.cpp, line 784]
Event: 9.083 Thread 0x0000022ed5dbbe20 Exception <a 'java/lang/NoSuchMethodError'{0x00000000a4601d28}: static Lorg/gradle/internal/operations/OperationIdentifier;.<clinit>()V> (0x00000000a4601d28) 
thrown [s\src\hotspot\share\prims\jni.cpp, line 1135]
Event: 9.347 Thread 0x0000022ed5d9bc60 Exception <a 'java/lang/NoSuchMethodError'{0x00000000a3fbcb68}: 'long java.lang.invoke.DirectMethodHandle$Holder.invokeStatic(java.lang.Object, long)'> (0x00000000a3fbcb68) 
thrown [s\src\hotspot\share\interpreter\linkResolver.cpp, line 784]
Event: 9.388 Thread 0x0000022ed5d9bc60 Implicit null exception at 0x0000022ec2c7cb43 to 0x0000022ec2c7ce7c
Event: 9.440 Thread 0x0000022ed5d9bc60 Exception <a 'java/lang/NoSuchMethodError'{0x00000000a3877570}: 'java.lang.Object java.lang.invoke.DirectMethodHandle$Holder.invokeInterface(java.lang.Object, java.lang.Object, int)'> (0x00000000a3877570) 
thrown [s\src\hotspot\share\interpreter\linkResolver.cpp, line 784]

ZGC Phase Switch (0 events):
No events

VM Operations (20 events):
Event: 6.741 Executing VM operation: HandshakeAllThreads (Deoptimize) done
Event: 6.810 Executing VM operation: HandshakeAllThreads (Deoptimize)
Event: 6.811 Executing VM operation: HandshakeAllThreads (Deoptimize) done
Event: 7.137 Executing VM operation: HandshakeAllThreads (Deoptimize)
Event: 7.137 Executing VM operation: HandshakeAllThreads (Deoptimize) done
Event: 7.148 Executing VM operation: ICBufferFull
Event: 7.148 Executing VM operation: ICBufferFull done
Event: 7.645 Executing VM operation: G1CollectForAllocation (G1 Evacuation Pause)
Event: 7.653 Executing VM operation: G1CollectForAllocation (G1 Evacuation Pause) done
Event: 8.426 Executing VM operation: CollectForMetadataAllocation (Metadata GC Threshold)
Event: 8.430 Executing VM operation: CollectForMetadataAllocation (Metadata GC Threshold) done
Event: 8.449 Executing VM operation: G1PauseRemark
Event: 8.453 Executing VM operation: G1PauseRemark done
Event: 8.463 Executing VM operation: G1PauseCleanup
Event: 8.463 Executing VM operation: G1PauseCleanup done
Event: 8.917 Executing VM operation: HandshakeAllThreads (Deoptimize)
Event: 8.918 Executing VM operation: HandshakeAllThreads (Deoptimize) done
Event: 8.964 Executing VM operation: ICBufferFull
Event: 8.964 Executing VM operation: ICBufferFull done
Event: 9.977 Executing VM operation: Cleanup

Memory protections (0 events):
No events

Nmethod flushes (20 events):
Event: 8.452 Thread 0x0000022ecf5eb350 flushing  nmethod 0x0000022ebb0b7290
Event: 8.452 Thread 0x0000022ecf5eb350 flushing  nmethod 0x0000022ebb0b9690
Event: 8.452 Thread 0x0000022ecf5eb350 flushing  nmethod 0x0000022ebb0b9a90
Event: 8.452 Thread 0x0000022ecf5eb350 flushing  nmethod 0x0000022ebb154210
Event: 8.452 Thread 0x0000022ecf5eb350 flushing  nmethod 0x0000022ebb2e1110
Event: 8.452 Thread 0x0000022ecf5eb350 flushing  nmethod 0x0000022ebb3e5610
Event: 8.452 Thread 0x0000022ecf5eb350 flushing  nmethod 0x0000022ebb3e8d10
Event: 8.452 Thread 0x0000022ecf5eb350 flushing  nmethod 0x0000022ebb3ec210
Event: 8.452 Thread 0x0000022ecf5eb350 flushing  nmethod 0x0000022ebb51ed90
Event: 8.452 Thread 0x0000022ecf5eb350 flushing  nmethod 0x0000022ebb520d10
Event: 8.452 Thread 0x0000022ecf5eb350 flushing  nmethod 0x0000022ebb062390
Event: 8.452 Thread 0x0000022ecf5eb350 flushing  nmethod 0x0000022ebb062c10
Event: 8.452 Thread 0x0000022ecf5eb350 flushing  nmethod 0x0000022ebb065e10
Event: 8.452 Thread 0x0000022ecf5eb350 flushing  nmethod 0x0000022ebb13a090
Event: 8.452 Thread 0x0000022ecf5eb350 flushing  nmethod 0x0000022ebb13f090
Event: 8.452 Thread 0x0000022ecf5eb350 flushing  nmethod 0x0000022ebb226b90
Event: 8.452 Thread 0x0000022ecf5eb350 flushing  nmethod 0x0000022ebb2a2790
Event: 8.452 Thread 0x0000022ecf5eb350 flushing  nmethod 0x0000022ebb2a8810
Event: 8.452 Thread 0x0000022ecf5eb350 flushing  nmethod 0x0000022ebb363990
Event: 8.452 Thread 0x0000022ecf5eb350 flushing  nmethod 0x0000022ebb368a90

Events (20 events):
Event: 3.243 Thread 0x0000022ed5d9bc60 Thread added: 0x0000022ed5db4720
Event: 3.247 Thread 0x0000022ed5d9bc60 Thread added: 0x0000022ed5dbb790
Event: 3.248 Thread 0x0000022ed5d9bc60 Thread added: 0x0000022ed5dbbe20
Event: 3.754 Thread 0x0000022ed5d9bc60 Thread added: 0x0000022ed5dbd860
Event: 3.762 Thread 0x0000022ed5d9bc60 Thread added: 0x0000022ed5dbc4b0
Event: 3.920 Thread 0x0000022ed5d9bc60 Thread added: 0x0000022ed5dbb100
Event: 4.134 Thread 0x0000022ecf7ef950 Thread added: 0x0000022ed64c4950
Event: 4.600 Thread 0x0000022ed5d9bc60 Thread added: 0x0000022ed5dbcb40
Event: 4.901 Thread 0x0000022ed5d9bc60 Thread added: 0x0000022ed5dbdef0
Event: 4.936 Thread 0x0000022ed5d9bc60 Thread added: 0x0000022ed5dbd1d0
Event: 5.132 Thread 0x0000022ed5d9bc60 Thread added: 0x0000022ed5dbaa70
Event: 5.135 Thread 0x0000022ed5d9bc60 Thread added: 0x0000022ed59ee410
Event: 5.441 Thread 0x0000022ed64c4950 Thread added: 0x0000022ed4417110
Event: 5.447 Thread 0x0000022ed5d9bc60 Thread added: 0x0000022ed59f04e0
Event: 5.562 Thread 0x0000022ed5d9bc60 Thread added: 0x0000022ed59ed060
Event: 5.670 Thread 0x0000022ed5d9bc60 Thread added: 0x0000022ed59ed6f0
Event: 5.845 Thread 0x0000022ed4417110 Thread exited: 0x0000022ed4417110
Event: 5.847 Thread 0x0000022ecf7e9de0 Thread added: 0x0000022ed4417110
Event: 8.292 Thread 0x0000022ed4417110 Thread exited: 0x0000022ed4417110
Event: 8.773 Thread 0x0000022ed64c4950 Thread exited: 0x0000022ed64c4950


Dynamic libraries:
0x00007ff678f10000 - 0x00007ff678f1a000 	C:\Program Files\Android\Android Studio\jbr\bin\java.exe
0x00007fff9d0e0000 - 0x00007fff9d340000 	C:\WINDOWS\SYSTEM32\ntdll.dll
0x00007fff9c230000 - 0x00007fff9c2f7000 	C:\WINDOWS\System32\KERNEL32.DLL
0x00007fff9a420000 - 0x00007fff9a7ea000 	C:\WINDOWS\System32\KERNELBASE.dll
0x00007fff9ad90000 - 0x00007fff9aedb000 	C:\WINDOWS\System32\ucrtbase.dll
0x00007fff7c620000 - 0x00007fff7c638000 	C:\Program Files\Android\Android Studio\jbr\bin\jli.dll
0x00007fff88e40000 - 0x00007fff88e5b000 	C:\Program Files\Android\Android Studio\jbr\bin\VCRUNTIME140.dll
0x00007fff9ced0000 - 0x00007fff9d09c000 	C:\WINDOWS\System32\USER32.dll
0x00007fff9a350000 - 0x00007fff9a377000 	C:\WINDOWS\System32\win32u.dll
0x00007fff7c9e0000 - 0x00007fff7cc77000 	C:\WINDOWS\WinSxS\amd64_microsoft.windows.common-controls_6595b64144ccf1df_6.0.26100.3624_none_3e086962e3345f24\COMCTL32.dll
0x00007fff9c200000 - 0x00007fff9c22a000 	C:\WINDOWS\System32\GDI32.dll
0x00007fff9c400000 - 0x00007fff9c4a9000 	C:\WINDOWS\System32\msvcrt.dll
0x00007fff9ac50000 - 0x00007fff9ad81000 	C:\WINDOWS\System32\gdi32full.dll
0x00007fff9aba0000 - 0x00007fff9ac43000 	C:\WINDOWS\System32\msvcp_win.dll
0x00007fff9ce90000 - 0x00007fff9cebf000 	C:\WINDOWS\System32\IMM32.DLL
0x00007fff92950000 - 0x00007fff9295c000 	C:\Program Files\Android\Android Studio\jbr\bin\vcruntime140_1.dll
0x00007fff59000000 - 0x00007fff5908d000 	C:\Program Files\Android\Android Studio\jbr\bin\msvcp140.dll
0x00007fff636d0000 - 0x00007fff6435a000 	C:\Program Files\Android\Android Studio\jbr\bin\server\jvm.dll
0x00007fff9c4b0000 - 0x00007fff9c562000 	C:\WINDOWS\System32\ADVAPI32.dll
0x00007fff9c720000 - 0x00007fff9c7c6000 	C:\WINDOWS\System32\sechost.dll
0x00007fff9cbc0000 - 0x00007fff9ccd6000 	C:\WINDOWS\System32\RPCRT4.dll
0x00007fff9aee0000 - 0x00007fff9af54000 	C:\WINDOWS\System32\WS2_32.dll
0x00007fff98f10000 - 0x00007fff98f6e000 	C:\WINDOWS\SYSTEM32\POWRPROF.dll
0x00007fff885d0000 - 0x00007fff885db000 	C:\WINDOWS\SYSTEM32\VERSION.dll
0x00007fff8e9e0000 - 0x00007fff8ea16000 	C:\WINDOWS\SYSTEM32\WINMM.dll
0x00007fff98ef0000 - 0x00007fff98f04000 	C:\WINDOWS\SYSTEM32\UMPDC.dll
0x00007fff991f0000 - 0x00007fff9920a000 	C:\WINDOWS\SYSTEM32\kernel.appcore.dll
0x00007fff92320000 - 0x00007fff9232a000 	C:\Program Files\Android\Android Studio\jbr\bin\jimage.dll
0x00007fff975b0000 - 0x00007fff977f1000 	C:\WINDOWS\SYSTEM32\DBGHELP.DLL
0x00007fff9c7d0000 - 0x00007fff9cb52000 	C:\WINDOWS\System32\combase.dll
0x00007fff9af60000 - 0x00007fff9b036000 	C:\WINDOWS\System32\OLEAUT32.dll
0x00007fff737a0000 - 0x00007fff737d9000 	C:\WINDOWS\SYSTEM32\dbgcore.DLL
0x00007fff9a380000 - 0x00007fff9a419000 	C:\WINDOWS\System32\bcryptPrimitives.dll
0x00007fff8e680000 - 0x00007fff8e68e000 	C:\Program Files\Android\Android Studio\jbr\bin\instrument.dll
0x00007fff88dd0000 - 0x00007fff88df0000 	C:\Program Files\Android\Android Studio\jbr\bin\java.dll
0x00007fff870c0000 - 0x00007fff870d8000 	C:\Program Files\Android\Android Studio\jbr\bin\zip.dll
0x00007fff9b3c0000 - 0x00007fff9bae9000 	C:\WINDOWS\System32\SHELL32.dll
0x00007fff9a7f0000 - 0x00007fff9a958000 	C:\WINDOWS\System32\wintypes.dll
0x00007fff97f50000 - 0x00007fff987a2000 	C:\WINDOWS\SYSTEM32\windows.storage.dll
0x00007fff9baf0000 - 0x00007fff9bbdd000 	C:\WINDOWS\System32\SHCORE.dll
0x00007fff9c100000 - 0x00007fff9c164000 	C:\WINDOWS\System32\shlwapi.dll
0x00007fff9a1d0000 - 0x00007fff9a1ff000 	C:\WINDOWS\SYSTEM32\profapi.dll
0x00007fff8e6a0000 - 0x00007fff8e6b0000 	C:\Program Files\Android\Android Studio\jbr\bin\net.dll
0x00007fff890d0000 - 0x00007fff891ed000 	C:\WINDOWS\SYSTEM32\WINHTTP.dll
0x00007fff99710000 - 0x00007fff9977a000 	C:\WINDOWS\system32\mswsock.dll
0x00007fff84df0000 - 0x00007fff84e06000 	C:\Program Files\Android\Android Studio\jbr\bin\nio.dll
0x00007fff85b20000 - 0x00007fff85b30000 	C:\Program Files\Android\Android Studio\jbr\bin\verify.dll
0x00007fff7d340000 - 0x00007fff7d367000 	C:\Users\santi\.gradle\native\c067742578af261105cb4f569cf0c3c89f3d7b1fecec35dd04571415982c5e48\windows-amd64\native-platform.dll
0x00007fff56bc0000 - 0x00007fff56d04000 	C:\Users\santi\.gradle\native\100fb08df4bc3b14c8652ba06237920a3bd2aa13389f12d3474272988ae205f9\windows-amd64\native-platform-file-events.dll
0x00007fff88dc0000 - 0x00007fff88dc9000 	C:\Program Files\Android\Android Studio\jbr\bin\management.dll
0x00007fff870b0000 - 0x00007fff870bb000 	C:\Program Files\Android\Android Studio\jbr\bin\management_ext.dll
0x00007fff9c710000 - 0x00007fff9c718000 	C:\WINDOWS\System32\PSAPI.DLL
0x00007fff999b0000 - 0x00007fff999cc000 	C:\WINDOWS\SYSTEM32\CRYPTSP.dll
0x00007fff99150000 - 0x00007fff9918a000 	C:\WINDOWS\system32\rsaenh.dll
0x00007fff997b0000 - 0x00007fff997db000 	C:\WINDOWS\SYSTEM32\USERENV.dll
0x00007fff9a1a0000 - 0x00007fff9a1c6000 	C:\WINDOWS\SYSTEM32\bcrypt.dll
0x00007fff999d0000 - 0x00007fff999dc000 	C:\WINDOWS\SYSTEM32\CRYPTBASE.dll
0x00007fff98c00000 - 0x00007fff98c33000 	C:\WINDOWS\SYSTEM32\IPHLPAPI.DLL
0x00007fff9b250000 - 0x00007fff9b25a000 	C:\WINDOWS\System32\NSI.dll
0x00007fff88e10000 - 0x00007fff88e19000 	C:\Program Files\Android\Android Studio\jbr\bin\extnet.dll
0x00007fff88e90000 - 0x00007fff88e98000 	C:\WINDOWS\system32\wshunix.dll

dbghelp: loaded successfully - version: 4.0.5 - missing functions: none
symbol engine: initialized successfully - sym options: 0x614 - pdb path: .;C:\Program Files\Android\Android Studio\jbr\bin;C:\WINDOWS\SYSTEM32;C:\WINDOWS\WinSxS\amd64_microsoft.windows.common-controls_6595b64144ccf1df_6.0.26100.3624_none_3e086962e3345f24;C:\Program Files\Android\Android Studio\jbr\bin\server;C:\Users\santi\.gradle\native\c067742578af261105cb4f569cf0c3c89f3d7b1fecec35dd04571415982c5e48\windows-amd64;C:\Users\santi\.gradle\native\100fb08df4bc3b14c8652ba06237920a3bd2aa13389f12d3474272988ae205f9\windows-amd64

VM Arguments:
jvm_args: --add-opens=java.base/java.lang=ALL-UNNAMED --add-opens=java.base/java.lang.invoke=ALL-UNNAMED --add-opens=java.base/java.util=ALL-UNNAMED --add-opens=java.prefs/java.util.prefs=ALL-UNNAMED --add-exports=jdk.compiler/com.sun.tools.javac.api=ALL-UNNAMED --add-exports=jdk.compiler/com.sun.tools.javac.util=ALL-UNNAMED --add-opens=java.base/java.util=ALL-UNNAMED --add-opens=java.prefs/java.util.prefs=ALL-UNNAMED --add-opens=java.base/java.nio.charset=ALL-UNNAMED --add-opens=java.base/java.net=ALL-UNNAMED --add-opens=java.base/java.util.concurrent.atomic=ALL-UNNAMED --add-opens=java.xml/javax.xml.namespace=ALL-UNNAMED -Xmx1536M -Dfile.encoding=UTF-8 -Duser.country=MX -Duser.language=es -Duser.variant -javaagent:C:\Users\santi\.gradle\wrapper\dists\gradle-8.11.1-bin\bpt9gzteqjrbo1mjrsomdt32c\gradle-8.11.1\lib\agents\gradle-instrumentation-agent-8.11.1.jar 
java_command: org.gradle.launcher.daemon.bootstrap.GradleDaemon 8.11.1
java_class_path (initial): C:\Users\santi\.gradle\wrapper\dists\gradle-8.11.1-bin\bpt9gzteqjrbo1mjrsomdt32c\gradle-8.11.1\lib\gradle-daemon-main-8.11.1.jar
Launcher Type: SUN_STANDARD

[Global flags]
     intx CICompilerCount                          = 4                                         {product} {ergonomic}
     uint ConcGCThreads                            = 3                                         {product} {ergonomic}
     uint G1ConcRefinementThreads                  = 10                                        {product} {ergonomic}
   size_t G1HeapRegionSize                         = 1048576                                   {product} {ergonomic}
    uintx GCDrainStackTargetSize                   = 64                                        {product} {ergonomic}
   size_t InitialHeapSize                          = 130023424                                 {product} {ergonomic}
   size_t MarkStackSize                            = 4194304                                   {product} {ergonomic}
   size_t MaxHeapSize                              = 1610612736                                {product} {command line}
   size_t MaxNewSize                               = 965738496                                 {product} {ergonomic}
   size_t MinHeapDeltaBytes                        = 1048576                                   {product} {ergonomic}
   size_t MinHeapSize                              = 8388608                                   {product} {ergonomic}
    uintx NonNMethodCodeHeapSize                   = 5839372                                {pd product} {ergonomic}
    uintx NonProfiledCodeHeapSize                  = 122909434                              {pd product} {ergonomic}
    uintx ProfiledCodeHeapSize                     = 122909434                              {pd product} {ergonomic}
    uintx ReservedCodeCacheSize                    = 251658240                              {pd product} {ergonomic}
     bool SegmentedCodeCache                       = true                                      {product} {ergonomic}
   size_t SoftMaxHeapSize                          = 1610612736                             {manageable} {ergonomic}
     bool UseCompressedOops                        = true                           {product lp64_product} {ergonomic}
     bool UseG1GC                                  = true                                      {product} {ergonomic}
     bool UseLargePagesIndividualAllocation        = false                                  {pd product} {ergonomic}

Logging:
Log output configuration:
 #0: stdout all=warning uptime,level,tags foldmultilines=false
 #1: stderr all=off uptime,level,tags foldmultilines=false

Environment Variables:
PATH=C:\Program Files\NVIDIA GPU Computing Toolkit\CUDA\v12.5\bin;C:\Program Files\NVIDIA GPU Computing Toolkit\CUDA\v12.5\libnvvp;C:\Windows\system32;C:\Windows;C:\Windows\System32\Wbem;C:\Windows\System32\WindowsPowerShell\v1.0\;C:\Windows\System32\OpenSSH\;C:\Program Files (x86)\NVIDIA Corporation\PhysX\Common;C:\Program Files\NVIDIA Corporation\NVIDIA NvDLISR;C:\WINDOWS\system32;C:\WINDOWS;C:\WINDOWS\System32\Wbem;C:\WINDOWS\System32\WindowsPowerShell\v1.0\;C:\WINDOWS\System32\OpenSSH\;C:\Program Files\nodejs\;C:\Program Files\Git\cmd;C:\Program Files\MongoDB\Server\8.0\bin;C:\Program Files\PuTTY\;C:\Users\santi\scoop\shims;C:\Users\santi\AppData\Local\Microsoft\WindowsApps;;C:\Users\santi\AppData\Local\Programs\Microsoft VS Code\bin;C:\Users\santi\AppData\Roaming\npm
USERNAME=santi
OS=Windows_NT
PROCESSOR_IDENTIFIER=Intel64 Family 6 Model 141 Stepping 1, GenuineIntel
TMP=C:\Users\santi\AppData\Local\Temp
TEMP=C:\Users\santi\AppData\Local\Temp




Periodic native trim disabled

JNI global refs:
JNI global refs: 28, weak refs: 1

JNI global refs memory usage: 835, weak refs: 833

Process memory usage:
Resident Set Size: 282876K (3% of 8104796K total physical memory with 520772K free physical memory)

OOME stack traces (most recent first):
Classloader memory used:
Loader org.gradle.internal.classloader.VisitableURLClassLoader                         : 32204K
Loader bootstrap                                                                       : 22140K
Loader org.gradle.initialization.MixInLegacyTypesClassLoader                           : 7619K
Loader jdk.internal.loader.ClassLoaders$PlatformClassLoader                            : 553K
Loader jdk.internal.loader.ClassLoaders$AppClassLoader                                 : 234K
Loader org.gradle.internal.classloader.VisitableURLClassLoader                         : 95704B
Loader jdk.internal.reflect.DelegatingClassLoader                                      : 23760B

Classes loaded by more than one classloader:
Class org.gradle.internal.classloader.FilteringClassLoader                            : loaded 2 times (x 101B)
Class org.gradle.internal.classloader.ClassLoaderHierarchy                            : loaded 2 times (x 66B)
Class org.gradle.api.internal.classpath.ManifestUtil                                  : loaded 2 times (x 67B)
Class org.gradle.internal.classloader.DefaultClassLoaderFactory                       : loaded 2 times (x 78B)
Class org.gradle.internal.classloader.ClassLoaderVisitor                              : loaded 2 times (x 72B)
Class org.gradle.api.internal.classpath.EffectiveClassPath                            : loaded 2 times (x 86B)
Class org.gradle.api.internal.DefaultClassPathProvider                                : loaded 2 times (x 72B)
Class [Lorg.gradle.api.internal.ClassPathProvider;                                    : loaded 2 times (x 65B)
Class org.gradle.api.internal.ClassPathProvider                                       : loaded 2 times (x 66B)
Class org.gradle.internal.service.UnknownServiceException                             : loaded 2 times (x 79B)
Class org.gradle.internal.classpath.TransformedClassPath                              : loaded 2 times (x 92B)
Class org.gradle.internal.classloader.InstrumentingClassLoader                        : loaded 2 times (x 66B)
Class org.gradle.internal.service.ServiceLocator                                      : loaded 2 times (x 66B)
Class org.gradle.internal.InternalTransformer                                         : loaded 2 times (x 66B)
Class org.gradle.internal.classloader.ClasspathUtil$1                                 : loaded 2 times (x 72B)
Class org.gradle.api.internal.classpath.DefaultModuleRegistry$DefaultModule           : loaded 2 times (x 82B)
Class org.gradle.api.internal.classpath.Module                                        : loaded 2 times (x 66B)
Class org.gradle.api.internal.classpath.UnknownModuleException                        : loaded 2 times (x 78B)
Class org.gradle.api.internal.DefaultClassPathRegistry                                : loaded 2 times (x 72B)
Class org.gradle.api.internal.ClassPathRegistry                                       : loaded 2 times (x 66B)
Class org.gradle.internal.classpath.DefaultClassPath$ImmutableUniqueList              : loaded 2 times (x 195B)
Class Settings_gradle$1                                                               : loaded 2 times (x 70B)
Class Program                                                                         : loaded 2 times (x 68B)
Class org.gradle.internal.classpath.ClassPath                                         : loaded 2 times (x 66B)
Class org.gradle.api.UncheckedIOException                                             : loaded 2 times (x 78B)
Class org.gradle.internal.installation.GradleInstallation$1                           : loaded 2 times (x 71B)
Class org.gradle.api.internal.classpath.ModuleRegistry                                : loaded 2 times (x 66B)
Class org.gradle.api.internal.classpath.DefaultModuleRegistry                         : loaded 2 times (x 82B)
Class org.gradle.internal.service.ServiceLookupException                              : loaded 2 times (x 78B)
Class org.gradle.internal.classloader.ClassLoaderFactory                              : loaded 2 times (x 66B)
Class org.gradle.internal.service.CachingServiceLocator                               : loaded 2 times (x 78B)
Class org.gradle.internal.classloader.ClasspathUtil                                   : loaded 2 times (x 67B)
Class org.gradle.api.specs.Spec                                                       : loaded 2 times (x 66B)
Class org.gradle.internal.classloader.VisitableURLClassLoader$InstrumentingVisitableURLClassLoader: loaded 2 times (x 119B)
Class org.gradle.internal.classloader.VisitableURLClassLoader$Spec                    : loaded 2 times (x 70B)
Class org.gradle.internal.classpath.DefaultClassPath                                  : loaded 2 times (x 86B)
Class org.gradle.internal.classloader.ClassLoaderSpec                                 : loaded 2 times (x 67B)
Class Settings_gradle$1$1                                                             : loaded 2 times (x 70B)
Class org.gradle.internal.classloader.VisitableURLClassLoader                         : loaded 2 times (x 113B)
Class Settings_gradle                                                                 : loaded 2 times (x 124B)
Class org.gradle.internal.Cast                                                        : loaded 2 times (x 67B)
Class org.gradle.api.Action                                                           : loaded 2 times (x 66B)
Class org.gradle.internal.classpath.DefaultClassPath$ImmutableUniqueList$Builder      : loaded 2 times (x 71B)
Class org.gradle.api.GradleException                                                  : loaded 2 times (x 78B)
Class org.gradle.internal.IoActions                                                   : loaded 2 times (x 67B)
Class org.gradle.internal.classloader.SystemClassLoaderSpec                           : loaded 2 times (x 67B)
Class org.gradle.api.internal.classpath.GlobalCacheRootsProvider                      : loaded 2 times (x 66B)
Class org.gradle.internal.installation.CurrentGradleInstallationLocator               : loaded 2 times (x 67B)
Class org.gradle.internal.service.DefaultServiceLocator                               : loaded 2 times (x 79B)
Class org.gradle.internal.installation.CurrentGradleInstallation                      : loaded 2 times (x 69B)
Class org.gradle.util.internal.GUtil                                                  : loaded 2 times (x 67B)
Class org.gradle.internal.installation.GradleInstallation                             : loaded 2 times (x 71B)

---------------  S Y S T E M  ---------------

OS:
 Windows 11 , 64 bit Build 26100 (10.0.26100.3775)
OS uptime: 4 days 9:25 hours
Hyper-V role detected

CPU: total 12 (initial active 12) (6 cores per cpu, 2 threads per core) family 6 model 141 stepping 1 microcode 0x34, cx8, cmov, fxsr, ht, mmx, 3dnowpref, sse, sse2, sse3, ssse3, sse4.1, sse4.2, popcnt, lzcnt, tsc, tscinvbit, avx, avx2, aes, erms, clmul, bmi1, bmi2, adx, avx512f, avx512dq, avx512cd, avx512bw, avx512vl, sha, fma, vzeroupper, avx512_vpopcntdq, avx512_vpclmulqdq, avx512_vaes, avx512_vnni, clflush, clflushopt, clwb, avx512_vbmi2, avx512_vbmi, hv, rdtscp, rdpid, fsrm, gfni, avx512_bitalg, f16c, cet_ibt, cet_ss, avx512_ifma
Processor Information for all 12 processors :
  Max Mhz: 2688, Current Mhz: 2688, Mhz Limit: 2688

Memory: 4k page, system-wide physical 7914M (509M free)
TotalPageFile size 32490M (AvailPageFile size 28M)
current process WorkingSet (physical memory assigned to process): 278M, peak: 305M
current process commit charge ("private bytes"): 321M, peak: 344M

vm_info: OpenJDK 64-Bit Server VM (21.0.5+-13047016-b750.29) for windows-amd64 JRE (21.0.5+-13047016-b750.29), built on 2025-02-11T21:12:39Z by "builder" with MS VC++ 16.10 / 16.11 (VS2019)

END.
